<?xml version="1.0" encoding="UTF-8"?>
<robot generator="Robot 4.1.2 (Python 3.9.6 on win32)" generated="20211213 21:05:51.913" rpa="false" schemaversion="2">
<suite id="s1" name="Tests" source="C:\Users\Joric\Documents\GitHub\RobotFramework\Tests">
<suite id="s1-s1" name="Success Login" source="C:\Users\Joric\Documents\GitHub\RobotFramework\Tests\success_login.robot">
<test id="s1-s1-t1" name="Successful user log in">
<kw name="Open Browser" library="SeleniumLibrary">
<arg>https://saucedemo.com/</arg>
<arg>chrome</arg>
<doc>Opens a new browser instance to the optional ``url``.</doc>
<msg timestamp="20211213 21:05:52.273" level="INFO">Opening browser 'chrome' to base url 'https://saucedemo.com/'.</msg>
<status status="PASS" starttime="20211213 21:05:52.272" endtime="20211213 21:05:54.502"/>
</kw>
<kw name="Maximize Browser Window" library="SeleniumLibrary">
<doc>Maximizes current browser window.</doc>
<status status="PASS" starttime="20211213 21:05:54.503" endtime="20211213 21:05:54.677"/>
</kw>
<kw name="Page Should Contain Element" library="SeleniumLibrary">
<arg>login-button</arg>
<doc>Verifies that element ``locator`` is found on the current page.</doc>
<msg timestamp="20211213 21:05:54.706" level="INFO">Current page contains element 'login-button'.</msg>
<status status="PASS" starttime="20211213 21:05:54.678" endtime="20211213 21:05:54.709"/>
</kw>
<kw name="Input Text" library="SeleniumLibrary">
<arg>user-name</arg>
<arg>standard_user</arg>
<doc>Types the given ``text`` into the text field identified by ``locator``.</doc>
<msg timestamp="20211213 21:05:54.712" level="INFO">Typing text 'standard_user' into text field 'user-name'.</msg>
<status status="PASS" starttime="20211213 21:05:54.711" endtime="20211213 21:05:54.892"/>
</kw>
<kw name="Input Password" library="SeleniumLibrary">
<arg>password</arg>
<arg>secret_sauce</arg>
<doc>Types the given password into the text field identified by ``locator``.</doc>
<msg timestamp="20211213 21:05:54.894" level="INFO">Typing password into text field 'password'.</msg>
<msg timestamp="20211213 21:05:54.949" level="INFO">Temporally setting log level to: NONE</msg>
<msg timestamp="20211213 21:05:55.041" level="INFO">Log level changed from NONE to INFO.</msg>
<status status="PASS" starttime="20211213 21:05:54.893" endtime="20211213 21:05:55.041"/>
</kw>
<kw name="Click Button" library="SeleniumLibrary">
<arg>login-button</arg>
<doc>Clicks the button identified by ``locator``.</doc>
<msg timestamp="20211213 21:05:55.042" level="INFO">Clicking button 'login-button'.</msg>
<status status="PASS" starttime="20211213 21:05:55.042" endtime="20211213 21:05:55.234"/>
</kw>
<kw name="Element Text Should Be" library="SeleniumLibrary">
<arg>class:title</arg>
<arg>PRODUCTS</arg>
<doc>Verifies that element ``locator`` contains exact the text ``expected``.</doc>
<msg timestamp="20211213 21:05:55.237" level="INFO">Verifying element 'class:title' contains exact text 'PRODUCTS'.</msg>
<status status="PASS" starttime="20211213 21:05:55.236" endtime="20211213 21:05:55.654"/>
</kw>
<kw name="Close Browser" library="SeleniumLibrary" type="TEARDOWN">
<doc>Closes the current browser.</doc>
<status status="PASS" starttime="20211213 21:05:55.656" endtime="20211213 21:05:58.124"/>
</kw>
<status status="PASS" starttime="20211213 21:05:52.271" endtime="20211213 21:05:58.125"/>
</test>
<test id="s1-s1-t2" name="Locked out user">
<kw name="Open Browser" library="SeleniumLibrary">
<arg>https://saucedemo.com/</arg>
<arg>chrome</arg>
<doc>Opens a new browser instance to the optional ``url``.</doc>
<msg timestamp="20211213 21:05:58.129" level="INFO">Opening browser 'chrome' to base url 'https://saucedemo.com/'.</msg>
<status status="PASS" starttime="20211213 21:05:58.128" endtime="20211213 21:06:00.287"/>
</kw>
<kw name="Maximize Browser Window" library="SeleniumLibrary">
<doc>Maximizes current browser window.</doc>
<status status="PASS" starttime="20211213 21:06:00.289" endtime="20211213 21:06:00.470"/>
</kw>
<kw name="Page Should Contain Element" library="SeleniumLibrary">
<arg>login-button</arg>
<doc>Verifies that element ``locator`` is found on the current page.</doc>
<msg timestamp="20211213 21:06:00.505" level="INFO">Current page contains element 'login-button'.</msg>
<status status="PASS" starttime="20211213 21:06:00.471" endtime="20211213 21:06:00.505"/>
</kw>
<kw name="Input Text" library="SeleniumLibrary">
<arg>user-name</arg>
<arg>locked_out_user</arg>
<doc>Types the given ``text`` into the text field identified by ``locator``.</doc>
<msg timestamp="20211213 21:06:00.510" level="INFO">Typing text 'locked_out_user' into text field 'user-name'.</msg>
<status status="PASS" starttime="20211213 21:06:00.509" endtime="20211213 21:06:00.694"/>
</kw>
<kw name="Input Password" library="SeleniumLibrary">
<arg>password</arg>
<arg>secret_sauce</arg>
<doc>Types the given password into the text field identified by ``locator``.</doc>
<msg timestamp="20211213 21:06:00.697" level="INFO">Typing password into text field 'password'.</msg>
<msg timestamp="20211213 21:06:00.752" level="INFO">Temporally setting log level to: NONE</msg>
<msg timestamp="20211213 21:06:00.845" level="INFO">Log level changed from NONE to INFO.</msg>
<status status="PASS" starttime="20211213 21:06:00.696" endtime="20211213 21:06:00.845"/>
</kw>
<kw name="Click Button" library="SeleniumLibrary">
<arg>login-button</arg>
<doc>Clicks the button identified by ``locator``.</doc>
<msg timestamp="20211213 21:06:00.846" level="INFO">Clicking button 'login-button'.</msg>
<status status="PASS" starttime="20211213 21:06:00.846" endtime="20211213 21:06:00.939"/>
</kw>
<kw name="Element Text Should Be" library="SeleniumLibrary">
<arg>css:*[data-test="error"]</arg>
<arg>Epic sadface: Sorry, this user has been locked out.</arg>
<doc>Verifies that element ``locator`` contains exact the text ``expected``.</doc>
<msg timestamp="20211213 21:06:00.941" level="INFO">Verifying element 'css:*[data-test="error"]' contains exact text 'Epic sadface: Sorry, this user has been locked out.'.</msg>
<status status="PASS" starttime="20211213 21:06:00.940" endtime="20211213 21:06:00.990"/>
</kw>
<kw name="Close Browser" library="SeleniumLibrary" type="TEARDOWN">
<doc>Closes the current browser.</doc>
<status status="PASS" starttime="20211213 21:06:00.991" endtime="20211213 21:06:03.276"/>
</kw>
<status status="PASS" starttime="20211213 21:05:58.127" endtime="20211213 21:06:03.277"/>
</test>
<test id="s1-s1-t3" name="Wrong Password">
<kw name="Open Browser" library="SeleniumLibrary">
<arg>https://saucedemo.com/</arg>
<arg>chrome</arg>
<doc>Opens a new browser instance to the optional ``url``.</doc>
<msg timestamp="20211213 21:06:03.281" level="INFO">Opening browser 'chrome' to base url 'https://saucedemo.com/'.</msg>
<status status="PASS" starttime="20211213 21:06:03.280" endtime="20211213 21:06:05.596"/>
</kw>
<kw name="Maximize Browser Window" library="SeleniumLibrary">
<doc>Maximizes current browser window.</doc>
<status status="PASS" starttime="20211213 21:06:05.598" endtime="20211213 21:06:05.778"/>
</kw>
<kw name="Page Should Contain Element" library="SeleniumLibrary">
<arg>login-button</arg>
<doc>Verifies that element ``locator`` is found on the current page.</doc>
<msg timestamp="20211213 21:06:05.811" level="INFO">Current page contains element 'login-button'.</msg>
<status status="PASS" starttime="20211213 21:06:05.780" endtime="20211213 21:06:05.811"/>
</kw>
<kw name="Input Text" library="SeleniumLibrary">
<arg>user-name</arg>
<arg>locked_out_user</arg>
<doc>Types the given ``text`` into the text field identified by ``locator``.</doc>
<msg timestamp="20211213 21:06:05.812" level="INFO">Typing text 'locked_out_user' into text field 'user-name'.</msg>
<status status="PASS" starttime="20211213 21:06:05.811" endtime="20211213 21:06:05.984"/>
</kw>
<kw name="Input Password" library="SeleniumLibrary">
<arg>password</arg>
<arg>where_is_the_sauce</arg>
<doc>Types the given password into the text field identified by ``locator``.</doc>
<msg timestamp="20211213 21:06:05.985" level="INFO">Typing password into text field 'password'.</msg>
<msg timestamp="20211213 21:06:06.039" level="INFO">Temporally setting log level to: NONE</msg>
<msg timestamp="20211213 21:06:06.145" level="INFO">Log level changed from NONE to INFO.</msg>
<status status="PASS" starttime="20211213 21:06:05.985" endtime="20211213 21:06:06.146"/>
</kw>
<kw name="Click Button" library="SeleniumLibrary">
<arg>login-button</arg>
<doc>Clicks the button identified by ``locator``.</doc>
<msg timestamp="20211213 21:06:06.147" level="INFO">Clicking button 'login-button'.</msg>
<status status="PASS" starttime="20211213 21:06:06.146" endtime="20211213 21:06:06.250"/>
</kw>
<kw name="Element Text Should Be" library="SeleniumLibrary">
<arg>css:*[data-test="error"]</arg>
<arg>Epic sadface: Username and password do not match any user in this service</arg>
<doc>Verifies that element ``locator`` contains exact the text ``expected``.</doc>
<msg timestamp="20211213 21:06:06.252" level="INFO">Verifying element 'css:*[data-test="error"]' contains exact text 'Epic sadface: Username and password do not match any user in this service'.</msg>
<status status="PASS" starttime="20211213 21:06:06.251" endtime="20211213 21:06:06.291"/>
</kw>
<kw name="Close Browser" library="SeleniumLibrary" type="TEARDOWN">
<doc>Closes the current browser.</doc>
<status status="PASS" starttime="20211213 21:06:06.293" endtime="20211213 21:06:08.711"/>
</kw>
<status status="PASS" starttime="20211213 21:06:03.278" endtime="20211213 21:06:08.712"/>
</test>
<doc>A test for a successful login

Test cases for exercise
</doc>
<status status="PASS" starttime="20211213 21:05:51.949" endtime="20211213 21:06:08.714"/>
</suite>
<status status="PASS" starttime="20211213 21:05:51.916" endtime="20211213 21:06:08.720"/>
</suite>
<statistics>
<total>
<stat pass="3" fail="0" skip="0">All Tests</stat>
</total>
<tag>
</tag>
<suite>
<stat pass="3" fail="0" skip="0" id="s1" name="Tests">Tests</stat>
<stat pass="3" fail="0" skip="0" id="s1-s1" name="Success Login">Tests.Success Login</stat>
</suite>
</statistics>
<errors>
</errors>
</robot>
